{"/Users/mpilopillz/Dla-Mini-Dev/WebDevelopmentLearning/JSTesting/characterCopier/characterCopy.js": {"path":"/Users/mpilopillz/Dla-Mini-Dev/WebDevelopmentLearning/JSTesting/characterCopier/characterCopy.js","statementMap":{"0":{"start":{"line":2,"column":4},"end":{"line":4,"column":1}},"1":{"start":{"line":5,"column":18},"end":{"line":5,"column":20}},"2":{"start":{"line":7,"column":21},"end":{"line":7,"column":50}},"3":{"start":{"line":7,"column":31},"end":{"line":7,"column":50}},"4":{"start":{"line":9,"column":17},"end":{"line":9,"column":93}},"5":{"start":{"line":9,"column":31},"end":{"line":9,"column":93}},"6":{"start":{"line":9,"column":83},"end":{"line":9,"column":92}},"7":{"start":{"line":11,"column":23},"end":{"line":11,"column":70}},"8":{"start":{"line":11,"column":45},"end":{"line":11,"column":70}},"9":{"start":{"line":13,"column":13},"end":{"line":13,"column":85}},"10":{"start":{"line":13,"column":38},"end":{"line":13,"column":85}},"11":{"start":{"line":15,"column":21},"end":{"line":15,"column":50}},"12":{"start":{"line":17,"column":0},"end":{"line":17,"column":75}},"13":{"start":{"line":19,"column":0},"end":{"line":19,"column":66}}},"fnMap":{"0":{"name":"(anonymous_0)","decl":{"start":{"line":7,"column":21},"end":{"line":7,"column":22}},"loc":{"start":{"line":7,"column":31},"end":{"line":7,"column":50}},"line":7},"1":{"name":"(anonymous_1)","decl":{"start":{"line":9,"column":17},"end":{"line":9,"column":18}},"loc":{"start":{"line":9,"column":31},"end":{"line":9,"column":93}},"line":9},"2":{"name":"(anonymous_2)","decl":{"start":{"line":9,"column":68},"end":{"line":9,"column":69}},"loc":{"start":{"line":9,"column":83},"end":{"line":9,"column":92}},"line":9},"3":{"name":"(anonymous_3)","decl":{"start":{"line":11,"column":23},"end":{"line":11,"column":24}},"loc":{"start":{"line":11,"column":45},"end":{"line":11,"column":70}},"line":11},"4":{"name":"(anonymous_4)","decl":{"start":{"line":13,"column":13},"end":{"line":13,"column":14}},"loc":{"start":{"line":13,"column":38},"end":{"line":13,"column":85}},"line":13}},"branchMap":{},"s":{"0":1,"1":1,"2":1,"3":3,"4":1,"5":2,"6":73,"7":1,"8":2,"9":1,"10":1,"11":1,"12":1,"13":1},"f":{"0":3,"1":2,"2":73,"3":2,"4":1},"b":{},"_coverageSchema":"1a1c01bbd47fc00a2c39e90264f33305004495a9","hash":"95be89eb801be2f88b12c1b8b1a1711f12c24baa"}
}
